***** stating TC_003_LoginDDT ******
***** stating TC_003_LoginDDT ******
***** stating TC_003_LoginDDT ******
***** stating TC_003_LoginDDT ******
***** Finished TC_003_LoginDDT ******
***** stating TC_003_LoginDDT ******
***** stating TC_003_LoginDDT ******
***** Finished TC_003_LoginDDT ******
**********Strating Tc001AccountRegistrationTest******
clickMyaccount
clickRegister
provding details
verify the message
**********end Tc001AccountRegistrationTest******
***** stating TC_003_LoginDDT ******
***** stating TC_003_LoginDDT ******
***** stating TC_003_LoginDDT ******
***** stating TC_003_LoginDDT ******
***** Finished TC_003_LoginDDT ******
***** stating TC_003_LoginDDT ******
***** stating TC_003_LoginDDT ******
***** Finished TC_003_LoginDDT ******
